{"/Users/dec/Documents/live-project/server/src/app.ts": {"path":"/Users/dec/Documents/live-project/server/src/app.ts","all":false,"statementMap":{"0":{"start":{"line":1,"column":0},"end":{"line":1,"column":37}},"1":{"start":{"line":2,"column":0},"end":{"line":2,"column":67}},"2":{"start":{"line":3,"column":0},"end":{"line":3,"column":24}},"3":{"start":{"line":4,"column":0},"end":{"line":4,"column":41}},"4":{"start":{"line":5,"column":0},"end":{"line":5,"column":28}},"5":{"start":{"line":6,"column":0},"end":{"line":6,"column":23}},"6":{"start":{"line":7,"column":0},"end":{"line":7,"column":0}},"7":{"start":{"line":8,"column":0},"end":{"line":8,"column":41}},"8":{"start":{"line":9,"column":0},"end":{"line":9,"column":0}},"9":{"start":{"line":10,"column":0},"end":{"line":10,"column":8}},"10":{"start":{"line":11,"column":0},"end":{"line":11,"column":0}},"11":{"start":{"line":12,"column":0},"end":{"line":12,"column":14}},"12":{"start":{"line":13,"column":0},"end":{"line":13,"column":48}},"13":{"start":{"line":14,"column":0},"end":{"line":14,"column":17}},"14":{"start":{"line":15,"column":0},"end":{"line":15,"column":18}},"15":{"start":{"line":16,"column":0},"end":{"line":16,"column":2}},"16":{"start":{"line":17,"column":0},"end":{"line":17,"column":0}},"17":{"start":{"line":18,"column":0},"end":{"line":18,"column":0}},"18":{"start":{"line":19,"column":0},"end":{"line":19,"column":47}},"19":{"start":{"line":20,"column":0},"end":{"line":20,"column":47}},"20":{"start":{"line":21,"column":0},"end":{"line":21,"column":0}},"21":{"start":{"line":22,"column":0},"end":{"line":22,"column":22}},"22":{"start":{"line":23,"column":0},"end":{"line":23,"column":33}},"23":{"start":{"line":24,"column":0},"end":{"line":24,"column":0}},"24":{"start":{"line":25,"column":0},"end":{"line":25,"column":0}},"25":{"start":{"line":26,"column":0},"end":{"line":26,"column":23}},"26":{"start":{"line":27,"column":0},"end":{"line":27,"column":24}},"27":{"start":{"line":28,"column":0},"end":{"line":28,"column":49}},"28":{"start":{"line":29,"column":0},"end":{"line":29,"column":24}},"29":{"start":{"line":30,"column":0},"end":{"line":30,"column":56}},"30":{"start":{"line":31,"column":0},"end":{"line":31,"column":0}},"31":{"start":{"line":32,"column":0},"end":{"line":32,"column":26}},"32":{"start":{"line":33,"column":0},"end":{"line":33,"column":31}},"33":{"start":{"line":34,"column":0},"end":{"line":34,"column":0}},"34":{"start":{"line":35,"column":0},"end":{"line":35,"column":0}},"35":{"start":{"line":36,"column":0},"end":{"line":36,"column":17}},"36":{"start":{"line":37,"column":0},"end":{"line":37,"column":96}},"37":{"start":{"line":38,"column":0},"end":{"line":38,"column":34}},"38":{"start":{"line":39,"column":0},"end":{"line":39,"column":68}},"39":{"start":{"line":40,"column":0},"end":{"line":40,"column":0}},"40":{"start":{"line":41,"column":0},"end":{"line":41,"column":31}},"41":{"start":{"line":42,"column":0},"end":{"line":42,"column":2}},"42":{"start":{"line":43,"column":0},"end":{"line":43,"column":0}},"43":{"start":{"line":44,"column":0},"end":{"line":44,"column":18}}},"s":{"0":1,"1":1,"2":1,"3":1,"4":1,"5":1,"6":1,"7":1,"8":1,"9":1,"10":1,"11":1,"12":1,"13":1,"14":0,"15":0,"16":1,"17":1,"18":1,"19":1,"20":1,"21":1,"22":1,"23":1,"24":1,"25":1,"26":1,"27":1,"28":1,"29":1,"30":1,"31":1,"32":1,"33":1,"34":1,"35":1,"36":1,"37":0,"38":0,"39":0,"40":0,"41":0,"42":1,"43":1},"branchMap":{"0":{"type":"branch","line":12,"loc":{"start":{"line":12,"column":7},"end":{"line":14,"column":2}},"locations":[{"start":{"line":12,"column":7},"end":{"line":14,"column":2}}]}},"b":{"0":[1]},"fnMap":{},"f":{}}
,"/Users/dec/Documents/live-project/server/src/config/database.config.ts": {"path":"/Users/dec/Documents/live-project/server/src/config/database.config.ts","all":false,"statementMap":{"0":{"start":{"line":1,"column":0},"end":{"line":1,"column":38}},"1":{"start":{"line":2,"column":0},"end":{"line":2,"column":0}},"2":{"start":{"line":3,"column":0},"end":{"line":3,"column":41}},"3":{"start":{"line":4,"column":0},"end":{"line":4,"column":33}},"4":{"start":{"line":5,"column":0},"end":{"line":5,"column":22}},"5":{"start":{"line":6,"column":0},"end":{"line":6,"column":18}},"6":{"start":{"line":7,"column":0},"end":{"line":7,"column":2}},"7":{"start":{"line":8,"column":0},"end":{"line":8,"column":0}},"8":{"start":{"line":9,"column":0},"end":{"line":9,"column":18}}},"s":{"0":1,"1":1,"2":1,"3":1,"4":1,"5":1,"6":1,"7":1,"8":1},"branchMap":{},"b":{},"fnMap":{},"f":{}}
,"/Users/dec/Documents/live-project/server/src/controller/userController.ts": {"path":"/Users/dec/Documents/live-project/server/src/controller/userController.ts","all":false,"statementMap":{"0":{"start":{"line":1,"column":0},"end":{"line":1,"column":66}},"1":{"start":{"line":2,"column":0},"end":{"line":2,"column":35}},"2":{"start":{"line":3,"column":0},"end":{"line":3,"column":49}},"3":{"start":{"line":4,"column":0},"end":{"line":4,"column":29}},"4":{"start":{"line":5,"column":0},"end":{"line":5,"column":39}},"5":{"start":{"line":6,"column":0},"end":{"line":6,"column":30}},"6":{"start":{"line":7,"column":0},"end":{"line":7,"column":0}},"7":{"start":{"line":8,"column":0},"end":{"line":8,"column":0}},"8":{"start":{"line":9,"column":0},"end":{"line":9,"column":81}},"9":{"start":{"line":10,"column":0},"end":{"line":10,"column":118}},"10":{"start":{"line":11,"column":0},"end":{"line":11,"column":86}},"11":{"start":{"line":12,"column":0},"end":{"line":12,"column":94}},"12":{"start":{"line":13,"column":0},"end":{"line":13,"column":0}},"13":{"start":{"line":14,"column":0},"end":{"line":14,"column":0}},"14":{"start":{"line":15,"column":0},"end":{"line":15,"column":43}},"15":{"start":{"line":16,"column":0},"end":{"line":16,"column":50}},"16":{"start":{"line":17,"column":0},"end":{"line":17,"column":0}},"17":{"start":{"line":18,"column":0},"end":{"line":18,"column":22}},"18":{"start":{"line":19,"column":0},"end":{"line":19,"column":12}},"19":{"start":{"line":20,"column":0},"end":{"line":20,"column":1}},"20":{"start":{"line":21,"column":0},"end":{"line":21,"column":0}},"21":{"start":{"line":22,"column":0},"end":{"line":22,"column":62}},"22":{"start":{"line":23,"column":0},"end":{"line":23,"column":7}},"23":{"start":{"line":24,"column":0},"end":{"line":24,"column":0}},"24":{"start":{"line":25,"column":0},"end":{"line":25,"column":51}},"25":{"start":{"line":26,"column":0},"end":{"line":26,"column":0}},"26":{"start":{"line":27,"column":0},"end":{"line":27,"column":72}},"27":{"start":{"line":28,"column":0},"end":{"line":28,"column":0}},"28":{"start":{"line":29,"column":0},"end":{"line":29,"column":33}},"29":{"start":{"line":30,"column":0},"end":{"line":30,"column":87}},"30":{"start":{"line":31,"column":0},"end":{"line":31,"column":5}},"31":{"start":{"line":32,"column":0},"end":{"line":32,"column":0}},"32":{"start":{"line":33,"column":0},"end":{"line":33,"column":13}},"33":{"start":{"line":34,"column":0},"end":{"line":34,"column":19}},"34":{"start":{"line":35,"column":0},"end":{"line":35,"column":114}},"35":{"start":{"line":36,"column":0},"end":{"line":36,"column":23}},"36":{"start":{"line":37,"column":0},"end":{"line":37,"column":108}},"37":{"start":{"line":38,"column":0},"end":{"line":38,"column":12}},"38":{"start":{"line":39,"column":0},"end":{"line":39,"column":67}},"39":{"start":{"line":40,"column":0},"end":{"line":40,"column":5}},"40":{"start":{"line":41,"column":0},"end":{"line":41,"column":0}},"41":{"start":{"line":42,"column":0},"end":{"line":42,"column":16}},"42":{"start":{"line":43,"column":0},"end":{"line":43,"column":67}},"43":{"start":{"line":44,"column":0},"end":{"line":44,"column":5}},"44":{"start":{"line":45,"column":0},"end":{"line":45,"column":0}},"45":{"start":{"line":46,"column":0},"end":{"line":46,"column":23}},"46":{"start":{"line":47,"column":0},"end":{"line":47,"column":0}},"47":{"start":{"line":48,"column":0},"end":{"line":48,"column":40}},"48":{"start":{"line":49,"column":0},"end":{"line":49,"column":0}},"49":{"start":{"line":50,"column":0},"end":{"line":50,"column":67}},"50":{"start":{"line":51,"column":0},"end":{"line":51,"column":0}},"51":{"start":{"line":52,"column":0},"end":{"line":52,"column":21}},"52":{"start":{"line":53,"column":0},"end":{"line":53,"column":71}},"53":{"start":{"line":54,"column":0},"end":{"line":54,"column":5}},"54":{"start":{"line":55,"column":0},"end":{"line":55,"column":0}},"55":{"start":{"line":56,"column":0},"end":{"line":56,"column":77}},"56":{"start":{"line":57,"column":0},"end":{"line":57,"column":0}},"57":{"start":{"line":58,"column":0},"end":{"line":58,"column":17}},"58":{"start":{"line":59,"column":0},"end":{"line":59,"column":21}},"59":{"start":{"line":60,"column":0},"end":{"line":60,"column":33}},"60":{"start":{"line":61,"column":0},"end":{"line":61,"column":38}},"61":{"start":{"line":62,"column":0},"end":{"line":62,"column":21}},"62":{"start":{"line":63,"column":0},"end":{"line":63,"column":6}},"63":{"start":{"line":64,"column":0},"end":{"line":64,"column":3}},"64":{"start":{"line":65,"column":0},"end":{"line":65,"column":1}},"65":{"start":{"line":66,"column":0},"end":{"line":66,"column":0}},"66":{"start":{"line":67,"column":0},"end":{"line":67,"column":0}},"67":{"start":{"line":68,"column":0},"end":{"line":68,"column":33}},"68":{"start":{"line":69,"column":0},"end":{"line":69,"column":15}},"69":{"start":{"line":70,"column":0},"end":{"line":70,"column":16}},"70":{"start":{"line":71,"column":0},"end":{"line":71,"column":20}},"71":{"start":{"line":72,"column":0},"end":{"line":72,"column":3}},"72":{"start":{"line":73,"column":0},"end":{"line":73,"column":0}},"73":{"start":{"line":74,"column":0},"end":{"line":74,"column":7}},"74":{"start":{"line":75,"column":0},"end":{"line":75,"column":0}},"75":{"start":{"line":76,"column":0},"end":{"line":76,"column":34}},"76":{"start":{"line":77,"column":0},"end":{"line":77,"column":62}},"77":{"start":{"line":78,"column":0},"end":{"line":78,"column":0}},"78":{"start":{"line":79,"column":0},"end":{"line":79,"column":14}},"79":{"start":{"line":80,"column":0},"end":{"line":80,"column":28}},"80":{"start":{"line":81,"column":0},"end":{"line":81,"column":37}},"81":{"start":{"line":82,"column":0},"end":{"line":82,"column":13}},"82":{"start":{"line":83,"column":0},"end":{"line":83,"column":8}},"83":{"start":{"line":84,"column":0},"end":{"line":84,"column":12}},"84":{"start":{"line":85,"column":0},"end":{"line":85,"column":28}},"85":{"start":{"line":86,"column":0},"end":{"line":86,"column":46}},"86":{"start":{"line":87,"column":0},"end":{"line":87,"column":18}},"87":{"start":{"line":88,"column":0},"end":{"line":88,"column":10}},"88":{"start":{"line":89,"column":0},"end":{"line":89,"column":9}},"89":{"start":{"line":90,"column":0},"end":{"line":90,"column":5}},"90":{"start":{"line":91,"column":0},"end":{"line":91,"column":0}},"91":{"start":{"line":92,"column":0},"end":{"line":92,"column":19}},"92":{"start":{"line":93,"column":0},"end":{"line":93,"column":26}},"93":{"start":{"line":94,"column":0},"end":{"line":94,"column":35}},"94":{"start":{"line":95,"column":0},"end":{"line":95,"column":23}},"95":{"start":{"line":96,"column":0},"end":{"line":96,"column":19}},"96":{"start":{"line":97,"column":0},"end":{"line":97,"column":7}},"97":{"start":{"line":98,"column":0},"end":{"line":98,"column":3}},"98":{"start":{"line":99,"column":0},"end":{"line":99,"column":1}},"99":{"start":{"line":100,"column":0},"end":{"line":100,"column":0}},"100":{"start":{"line":101,"column":0},"end":{"line":101,"column":32}},"101":{"start":{"line":102,"column":0},"end":{"line":102,"column":15}},"102":{"start":{"line":103,"column":0},"end":{"line":103,"column":16}},"103":{"start":{"line":104,"column":0},"end":{"line":104,"column":20}},"104":{"start":{"line":105,"column":0},"end":{"line":105,"column":3}},"105":{"start":{"line":106,"column":0},"end":{"line":106,"column":0}},"106":{"start":{"line":107,"column":0},"end":{"line":107,"column":7}},"107":{"start":{"line":108,"column":0},"end":{"line":108,"column":0}},"108":{"start":{"line":109,"column":0},"end":{"line":109,"column":0}},"109":{"start":{"line":110,"column":0},"end":{"line":110,"column":39}},"110":{"start":{"line":111,"column":0},"end":{"line":111,"column":39}},"111":{"start":{"line":112,"column":0},"end":{"line":112,"column":58}},"112":{"start":{"line":113,"column":0},"end":{"line":113,"column":0}},"113":{"start":{"line":114,"column":0},"end":{"line":114,"column":31}},"114":{"start":{"line":115,"column":0},"end":{"line":115,"column":47}},"115":{"start":{"line":116,"column":0},"end":{"line":116,"column":37}},"116":{"start":{"line":117,"column":0},"end":{"line":117,"column":49}},"117":{"start":{"line":118,"column":0},"end":{"line":118,"column":0}},"118":{"start":{"line":119,"column":0},"end":{"line":119,"column":33}},"119":{"start":{"line":120,"column":0},"end":{"line":120,"column":0}},"120":{"start":{"line":121,"column":0},"end":{"line":121,"column":20}},"121":{"start":{"line":122,"column":0},"end":{"line":122,"column":48}},"122":{"start":{"line":123,"column":0},"end":{"line":123,"column":23}},"123":{"start":{"line":124,"column":0},"end":{"line":124,"column":72}},"124":{"start":{"line":125,"column":0},"end":{"line":125,"column":0}},"125":{"start":{"line":126,"column":0},"end":{"line":126,"column":39}},"126":{"start":{"line":127,"column":0},"end":{"line":127,"column":51}},"127":{"start":{"line":128,"column":0},"end":{"line":128,"column":44}},"128":{"start":{"line":129,"column":0},"end":{"line":129,"column":47}},"129":{"start":{"line":130,"column":0},"end":{"line":130,"column":43}},"130":{"start":{"line":131,"column":0},"end":{"line":131,"column":45}},"131":{"start":{"line":132,"column":0},"end":{"line":132,"column":14}},"132":{"start":{"line":133,"column":0},"end":{"line":133,"column":30}},"133":{"start":{"line":134,"column":0},"end":{"line":134,"column":40}},"134":{"start":{"line":135,"column":0},"end":{"line":135,"column":11}},"135":{"start":{"line":136,"column":0},"end":{"line":136,"column":7}},"136":{"start":{"line":137,"column":0},"end":{"line":137,"column":0}},"137":{"start":{"line":138,"column":0},"end":{"line":138,"column":29}},"138":{"start":{"line":139,"column":0},"end":{"line":139,"column":17}},"139":{"start":{"line":140,"column":0},"end":{"line":140,"column":14}},"140":{"start":{"line":141,"column":0},"end":{"line":141,"column":16}},"141":{"start":{"line":142,"column":0},"end":{"line":142,"column":12}},"142":{"start":{"line":143,"column":0},"end":{"line":143,"column":7}},"143":{"start":{"line":144,"column":0},"end":{"line":144,"column":0}},"144":{"start":{"line":145,"column":0},"end":{"line":145,"column":28}},"145":{"start":{"line":146,"column":0},"end":{"line":146,"column":39}},"146":{"start":{"line":147,"column":0},"end":{"line":147,"column":18}},"147":{"start":{"line":148,"column":0},"end":{"line":148,"column":20}},"148":{"start":{"line":149,"column":0},"end":{"line":149,"column":9}},"149":{"start":{"line":150,"column":0},"end":{"line":150,"column":12}},"150":{"start":{"line":151,"column":0},"end":{"line":151,"column":28}},"151":{"start":{"line":152,"column":0},"end":{"line":152,"column":47}},"152":{"start":{"line":153,"column":0},"end":{"line":153,"column":9}},"153":{"start":{"line":154,"column":0},"end":{"line":154,"column":5}},"154":{"start":{"line":155,"column":0},"end":{"line":155,"column":19}},"155":{"start":{"line":156,"column":0},"end":{"line":156,"column":26}},"156":{"start":{"line":157,"column":0},"end":{"line":157,"column":34}},"157":{"start":{"line":158,"column":0},"end":{"line":158,"column":25}},"158":{"start":{"line":159,"column":0},"end":{"line":159,"column":19}},"159":{"start":{"line":160,"column":0},"end":{"line":160,"column":7}},"160":{"start":{"line":161,"column":0},"end":{"line":161,"column":3}},"161":{"start":{"line":162,"column":0},"end":{"line":162,"column":1}},"162":{"start":{"line":163,"column":0},"end":{"line":163,"column":0}},"163":{"start":{"line":164,"column":0},"end":{"line":164,"column":83}},"164":{"start":{"line":165,"column":0},"end":{"line":165,"column":22}},"165":{"start":{"line":166,"column":0},"end":{"line":166,"column":0}},"166":{"start":{"line":167,"column":0},"end":{"line":167,"column":0}},"167":{"start":{"line":168,"column":0},"end":{"line":168,"column":9}},"168":{"start":{"line":169,"column":0},"end":{"line":169,"column":78}},"169":{"start":{"line":170,"column":0},"end":{"line":170,"column":35}},"170":{"start":{"line":171,"column":0},"end":{"line":171,"column":37}},"171":{"start":{"line":172,"column":0},"end":{"line":172,"column":59}},"172":{"start":{"line":173,"column":0},"end":{"line":173,"column":11}},"173":{"start":{"line":174,"column":0},"end":{"line":174,"column":7}},"174":{"start":{"line":175,"column":0},"end":{"line":175,"column":57}},"175":{"start":{"line":176,"column":0},"end":{"line":176,"column":41}},"176":{"start":{"line":177,"column":0},"end":{"line":177,"column":9}},"177":{"start":{"line":178,"column":0},"end":{"line":178,"column":0}},"178":{"start":{"line":179,"column":0},"end":{"line":179,"column":60}},"179":{"start":{"line":180,"column":0},"end":{"line":180,"column":47}},"180":{"start":{"line":181,"column":0},"end":{"line":181,"column":9}},"181":{"start":{"line":182,"column":0},"end":{"line":182,"column":0}},"182":{"start":{"line":183,"column":0},"end":{"line":183,"column":27}},"183":{"start":{"line":184,"column":0},"end":{"line":184,"column":37}},"184":{"start":{"line":185,"column":0},"end":{"line":185,"column":56}},"185":{"start":{"line":186,"column":0},"end":{"line":186,"column":11}},"186":{"start":{"line":187,"column":0},"end":{"line":187,"column":7}},"187":{"start":{"line":188,"column":0},"end":{"line":188,"column":0}},"188":{"start":{"line":189,"column":0},"end":{"line":189,"column":30}},"189":{"start":{"line":190,"column":0},"end":{"line":190,"column":37}},"190":{"start":{"line":191,"column":0},"end":{"line":191,"column":62}},"191":{"start":{"line":192,"column":0},"end":{"line":192,"column":11}},"192":{"start":{"line":193,"column":0},"end":{"line":193,"column":7}},"193":{"start":{"line":194,"column":0},"end":{"line":194,"column":0}},"194":{"start":{"line":195,"column":0},"end":{"line":195,"column":57}},"195":{"start":{"line":196,"column":0},"end":{"line":196,"column":53}},"196":{"start":{"line":197,"column":0},"end":{"line":197,"column":9}},"197":{"start":{"line":198,"column":0},"end":{"line":198,"column":0}},"198":{"start":{"line":199,"column":0},"end":{"line":199,"column":27}},"199":{"start":{"line":200,"column":0},"end":{"line":200,"column":37}},"200":{"start":{"line":201,"column":0},"end":{"line":201,"column":42}},"201":{"start":{"line":202,"column":0},"end":{"line":202,"column":11}},"202":{"start":{"line":203,"column":0},"end":{"line":203,"column":7}},"203":{"start":{"line":204,"column":0},"end":{"line":204,"column":0}},"204":{"start":{"line":205,"column":0},"end":{"line":205,"column":67}},"205":{"start":{"line":206,"column":0},"end":{"line":206,"column":82}},"206":{"start":{"line":207,"column":0},"end":{"line":207,"column":24}},"207":{"start":{"line":208,"column":0},"end":{"line":208,"column":11}},"208":{"start":{"line":209,"column":0},"end":{"line":209,"column":38}},"209":{"start":{"line":210,"column":0},"end":{"line":210,"column":36}},"210":{"start":{"line":211,"column":0},"end":{"line":211,"column":36}},"211":{"start":{"line":212,"column":0},"end":{"line":212,"column":30}},"212":{"start":{"line":213,"column":0},"end":{"line":213,"column":42}},"213":{"start":{"line":214,"column":0},"end":{"line":214,"column":31}},"214":{"start":{"line":215,"column":0},"end":{"line":215,"column":46}},"215":{"start":{"line":216,"column":0},"end":{"line":216,"column":32}},"216":{"start":{"line":217,"column":0},"end":{"line":217,"column":40}},"217":{"start":{"line":218,"column":0},"end":{"line":218,"column":8}},"218":{"start":{"line":219,"column":0},"end":{"line":219,"column":0}},"219":{"start":{"line":220,"column":0},"end":{"line":220,"column":62}},"220":{"start":{"line":221,"column":0},"end":{"line":221,"column":0}},"221":{"start":{"line":222,"column":0},"end":{"line":222,"column":36}},"222":{"start":{"line":223,"column":0},"end":{"line":223,"column":42}},"223":{"start":{"line":224,"column":0},"end":{"line":224,"column":28}},"224":{"start":{"line":225,"column":0},"end":{"line":225,"column":26}},"225":{"start":{"line":226,"column":0},"end":{"line":226,"column":14}},"226":{"start":{"line":227,"column":0},"end":{"line":227,"column":47}},"227":{"start":{"line":228,"column":0},"end":{"line":228,"column":26}},"228":{"start":{"line":229,"column":0},"end":{"line":229,"column":9}},"229":{"start":{"line":230,"column":0},"end":{"line":230,"column":21}},"230":{"start":{"line":231,"column":0},"end":{"line":231,"column":25}},"231":{"start":{"line":232,"column":0},"end":{"line":232,"column":0}},"232":{"start":{"line":233,"column":0},"end":{"line":233,"column":28}},"233":{"start":{"line":234,"column":0},"end":{"line":234,"column":25}},"234":{"start":{"line":235,"column":0},"end":{"line":235,"column":43}},"235":{"start":{"line":236,"column":0},"end":{"line":236,"column":9}},"236":{"start":{"line":237,"column":0},"end":{"line":237,"column":5}},"237":{"start":{"line":238,"column":0},"end":{"line":238,"column":0}},"238":{"start":{"line":239,"column":0},"end":{"line":239,"column":3}},"239":{"start":{"line":240,"column":0},"end":{"line":240,"column":0}},"240":{"start":{"line":241,"column":0},"end":{"line":241,"column":33}},"241":{"start":{"line":242,"column":0},"end":{"line":242,"column":15}},"242":{"start":{"line":243,"column":0},"end":{"line":243,"column":16}},"243":{"start":{"line":244,"column":0},"end":{"line":244,"column":20}},"244":{"start":{"line":245,"column":0},"end":{"line":245,"column":3}},"245":{"start":{"line":246,"column":0},"end":{"line":246,"column":7}},"246":{"start":{"line":247,"column":0},"end":{"line":247,"column":30}},"247":{"start":{"line":248,"column":0},"end":{"line":248,"column":70}},"248":{"start":{"line":249,"column":0},"end":{"line":249,"column":66}},"249":{"start":{"line":250,"column":0},"end":{"line":250,"column":22}},"250":{"start":{"line":251,"column":0},"end":{"line":251,"column":51}},"251":{"start":{"line":252,"column":0},"end":{"line":252,"column":70}},"252":{"start":{"line":253,"column":0},"end":{"line":253,"column":67}},"253":{"start":{"line":254,"column":0},"end":{"line":254,"column":61}},"254":{"start":{"line":255,"column":0},"end":{"line":255,"column":76}},"255":{"start":{"line":256,"column":0},"end":{"line":256,"column":0}},"256":{"start":{"line":257,"column":0},"end":{"line":257,"column":9}},"257":{"start":{"line":258,"column":0},"end":{"line":258,"column":28}},"258":{"start":{"line":259,"column":0},"end":{"line":259,"column":26}},"259":{"start":{"line":260,"column":0},"end":{"line":260,"column":47}},"260":{"start":{"line":261,"column":0},"end":{"line":261,"column":25}},"261":{"start":{"line":262,"column":0},"end":{"line":262,"column":9}},"262":{"start":{"line":263,"column":0},"end":{"line":263,"column":12}},"263":{"start":{"line":264,"column":0},"end":{"line":264,"column":16}},"264":{"start":{"line":265,"column":0},"end":{"line":265,"column":25}},"265":{"start":{"line":266,"column":0},"end":{"line":266,"column":34}},"266":{"start":{"line":267,"column":0},"end":{"line":267,"column":9}},"267":{"start":{"line":268,"column":0},"end":{"line":268,"column":5}},"268":{"start":{"line":269,"column":0},"end":{"line":269,"column":19}},"269":{"start":{"line":270,"column":0},"end":{"line":270,"column":26}},"270":{"start":{"line":271,"column":0},"end":{"line":271,"column":23}},"271":{"start":{"line":272,"column":0},"end":{"line":272,"column":39}},"272":{"start":{"line":273,"column":0},"end":{"line":273,"column":7}},"273":{"start":{"line":274,"column":0},"end":{"line":274,"column":3}},"274":{"start":{"line":275,"column":0},"end":{"line":275,"column":1}},"275":{"start":{"line":276,"column":0},"end":{"line":276,"column":0}},"276":{"start":{"line":277,"column":0},"end":{"line":277,"column":67}},"277":{"start":{"line":278,"column":0},"end":{"line":278,"column":7}},"278":{"start":{"line":279,"column":0},"end":{"line":279,"column":31}},"279":{"start":{"line":280,"column":0},"end":{"line":280,"column":46}},"280":{"start":{"line":281,"column":0},"end":{"line":281,"column":14}},"281":{"start":{"line":282,"column":0},"end":{"line":282,"column":21}},"282":{"start":{"line":283,"column":0},"end":{"line":283,"column":8}},"283":{"start":{"line":284,"column":0},"end":{"line":284,"column":48}},"284":{"start":{"line":285,"column":0},"end":{"line":285,"column":16}},"285":{"start":{"line":286,"column":0},"end":{"line":286,"column":35}},"286":{"start":{"line":287,"column":0},"end":{"line":287,"column":35}},"287":{"start":{"line":288,"column":0},"end":{"line":288,"column":9}},"288":{"start":{"line":289,"column":0},"end":{"line":289,"column":5}},"289":{"start":{"line":290,"column":0},"end":{"line":290,"column":24}},"290":{"start":{"line":291,"column":0},"end":{"line":291,"column":36}},"291":{"start":{"line":292,"column":0},"end":{"line":292,"column":71}},"292":{"start":{"line":293,"column":0},"end":{"line":293,"column":48}},"293":{"start":{"line":294,"column":0},"end":{"line":294,"column":68}},"294":{"start":{"line":295,"column":0},"end":{"line":295,"column":26}},"295":{"start":{"line":296,"column":0},"end":{"line":296,"column":55}},"296":{"start":{"line":297,"column":0},"end":{"line":297,"column":7}},"297":{"start":{"line":298,"column":0},"end":{"line":298,"column":19}},"298":{"start":{"line":299,"column":0},"end":{"line":299,"column":23}},"299":{"start":{"line":300,"column":0},"end":{"line":300,"column":3}},"300":{"start":{"line":301,"column":0},"end":{"line":301,"column":1}},"301":{"start":{"line":302,"column":0},"end":{"line":302,"column":0}},"302":{"start":{"line":303,"column":0},"end":{"line":303,"column":67}},"303":{"start":{"line":304,"column":0},"end":{"line":304,"column":7}},"304":{"start":{"line":305,"column":0},"end":{"line":305,"column":30}},"305":{"start":{"line":306,"column":0},"end":{"line":306,"column":78}},"306":{"start":{"line":307,"column":0},"end":{"line":307,"column":33}},"307":{"start":{"line":308,"column":0},"end":{"line":308,"column":35}},"308":{"start":{"line":309,"column":0},"end":{"line":309,"column":57}},"309":{"start":{"line":310,"column":0},"end":{"line":310,"column":9}},"310":{"start":{"line":311,"column":0},"end":{"line":311,"column":5}},"311":{"start":{"line":312,"column":0},"end":{"line":312,"column":45}},"312":{"start":{"line":313,"column":0},"end":{"line":313,"column":14}},"313":{"start":{"line":314,"column":0},"end":{"line":314,"column":15}},"314":{"start":{"line":315,"column":0},"end":{"line":315,"column":8}},"315":{"start":{"line":316,"column":0},"end":{"line":316,"column":7}},"316":{"start":{"line":317,"column":0},"end":{"line":317,"column":16}},"317":{"start":{"line":318,"column":0},"end":{"line":318,"column":35}},"318":{"start":{"line":319,"column":0},"end":{"line":319,"column":39}},"319":{"start":{"line":320,"column":0},"end":{"line":320,"column":9}},"320":{"start":{"line":321,"column":0},"end":{"line":321,"column":5}},"321":{"start":{"line":322,"column":0},"end":{"line":322,"column":65}},"322":{"start":{"line":323,"column":0},"end":{"line":323,"column":24}},"323":{"start":{"line":324,"column":0},"end":{"line":324,"column":29}},"324":{"start":{"line":325,"column":0},"end":{"line":325,"column":7}},"325":{"start":{"line":326,"column":0},"end":{"line":326,"column":33}},"326":{"start":{"line":327,"column":0},"end":{"line":327,"column":47}},"327":{"start":{"line":328,"column":0},"end":{"line":328,"column":7}},"328":{"start":{"line":329,"column":0},"end":{"line":329,"column":19}},"329":{"start":{"line":330,"column":0},"end":{"line":330,"column":22}},"330":{"start":{"line":331,"column":0},"end":{"line":331,"column":26}},"331":{"start":{"line":332,"column":0},"end":{"line":332,"column":39}},"332":{"start":{"line":333,"column":0},"end":{"line":333,"column":7}},"333":{"start":{"line":334,"column":0},"end":{"line":334,"column":3}},"334":{"start":{"line":335,"column":0},"end":{"line":335,"column":1}}},"s":{"0":1,"1":1,"2":1,"3":1,"4":1,"5":1,"6":1,"7":1,"8":1,"9":1,"10":1,"11":1,"12":1,"13":1,"14":1,"15":1,"16":1,"17":1,"18":1,"19":1,"20":1,"21":1,"22":0,"23":0,"24":0,"25":0,"26":0,"27":0,"28":0,"29":0,"30":0,"31":0,"32":0,"33":0,"34":0,"35":0,"36":0,"37":0,"38":0,"39":0,"40":0,"41":0,"42":0,"43":0,"44":0,"45":0,"46":0,"47":0,"48":0,"49":0,"50":0,"51":0,"52":0,"53":0,"54":0,"55":0,"56":0,"57":0,"58":0,"59":0,"60":0,"61":0,"62":0,"63":0,"64":0,"65":1,"66":1,"67":1,"68":0,"69":0,"70":0,"71":0,"72":0,"73":0,"74":0,"75":0,"76":0,"77":0,"78":0,"79":0,"80":0,"81":0,"82":0,"83":0,"84":0,"85":0,"86":0,"87":0,"88":0,"89":0,"90":0,"91":0,"92":0,"93":0,"94":0,"95":0,"96":0,"97":0,"98":0,"99":1,"100":1,"101":0,"102":0,"103":0,"104":0,"105":0,"106":0,"107":0,"108":0,"109":0,"110":0,"111":0,"112":0,"113":0,"114":0,"115":0,"116":0,"117":0,"118":0,"119":0,"120":0,"121":0,"122":0,"123":0,"124":0,"125":0,"126":0,"127":0,"128":0,"129":0,"130":0,"131":0,"132":0,"133":0,"134":0,"135":0,"136":0,"137":0,"138":0,"139":0,"140":0,"141":0,"142":0,"143":0,"144":0,"145":0,"146":0,"147":0,"148":0,"149":0,"150":0,"151":0,"152":0,"153":0,"154":0,"155":0,"156":0,"157":0,"158":0,"159":0,"160":0,"161":0,"162":1,"163":1,"164":1,"165":1,"166":1,"167":1,"168":1,"169":1,"170":0,"171":0,"172":0,"173":0,"174":1,"175":1,"176":1,"177":1,"178":1,"179":1,"180":1,"181":1,"182":1,"183":0,"184":0,"185":0,"186":0,"187":1,"188":1,"189":0,"190":0,"191":0,"192":0,"193":1,"194":1,"195":1,"196":1,"197":1,"198":1,"199":0,"200":0,"201":0,"202":0,"203":1,"204":1,"205":1,"206":1,"207":1,"208":1,"209":1,"210":1,"211":1,"212":1,"213":1,"214":1,"215":1,"216":1,"217":1,"218":1,"219":1,"220":1,"221":1,"222":1,"223":1,"224":1,"225":1,"226":1,"227":1,"228":1,"229":1,"230":0,"231":0,"232":0,"233":0,"234":0,"235":0,"236":0,"237":1,"238":1,"239":1,"240":1,"241":0,"242":0,"243":0,"244":0,"245":0,"246":0,"247":0,"248":0,"249":0,"250":0,"251":0,"252":0,"253":0,"254":0,"255":0,"256":0,"257":0,"258":0,"259":0,"260":0,"261":0,"262":0,"263":0,"264":0,"265":0,"266":0,"267":0,"268":0,"269":0,"270":0,"271":0,"272":0,"273":0,"274":0,"275":1,"276":1,"277":0,"278":0,"279":0,"280":0,"281":0,"282":0,"283":0,"284":0,"285":0,"286":0,"287":0,"288":0,"289":0,"290":0,"291":0,"292":0,"293":0,"294":0,"295":0,"296":0,"297":0,"298":0,"299":0,"300":0,"301":1,"302":1,"303":0,"304":0,"305":0,"306":0,"307":0,"308":0,"309":0,"310":0,"311":0,"312":0,"313":0,"314":0,"315":0,"316":0,"317":0,"318":0,"319":0,"320":0,"321":0,"322":0,"323":0,"324":0,"325":0,"326":0,"327":0,"328":0,"329":0,"330":0,"331":0,"332":0,"333":0,"334":0},"branchMap":{"0":{"type":"branch","line":164,"loc":{"start":{"line":164,"column":7},"end":{"line":239,"column":3}},"locations":[{"start":{"line":164,"column":7},"end":{"line":239,"column":3}}]},"1":{"type":"branch","line":170,"loc":{"start":{"line":170,"column":34},"end":{"line":174,"column":7}},"locations":[{"start":{"line":170,"column":34},"end":{"line":174,"column":7}}]},"2":{"type":"branch","line":183,"loc":{"start":{"line":183,"column":26},"end":{"line":187,"column":7}},"locations":[{"start":{"line":183,"column":26},"end":{"line":187,"column":7}}]},"3":{"type":"branch","line":189,"loc":{"start":{"line":189,"column":29},"end":{"line":193,"column":7}},"locations":[{"start":{"line":189,"column":29},"end":{"line":193,"column":7}}]},"4":{"type":"branch","line":199,"loc":{"start":{"line":199,"column":26},"end":{"line":203,"column":7}},"locations":[{"start":{"line":199,"column":26},"end":{"line":203,"column":7}}]},"5":{"type":"branch","line":230,"loc":{"start":{"line":230,"column":6},"end":{"line":237,"column":5}},"locations":[{"start":{"line":230,"column":6},"end":{"line":237,"column":5}}]}},"b":{"0":[1],"1":[0],"2":[0],"3":[0],"4":[0],"5":[0]},"fnMap":{"0":{"name":"loginUser","decl":{"start":{"line":22,"column":7},"end":{"line":65,"column":1}},"loc":{"start":{"line":22,"column":7},"end":{"line":65,"column":1}},"line":22},"1":{"name":"verifyUser","decl":{"start":{"line":68,"column":7},"end":{"line":99,"column":1}},"loc":{"start":{"line":68,"column":7},"end":{"line":99,"column":1}},"line":68},"2":{"name":"sendEmail","decl":{"start":{"line":101,"column":7},"end":{"line":162,"column":1}},"loc":{"start":{"line":101,"column":7},"end":{"line":162,"column":1}},"line":101},"3":{"name":"createUser","decl":{"start":{"line":164,"column":7},"end":{"line":239,"column":3}},"loc":{"start":{"line":164,"column":7},"end":{"line":239,"column":3}},"line":164},"4":{"name":"updateUser","decl":{"start":{"line":241,"column":7},"end":{"line":275,"column":1}},"loc":{"start":{"line":241,"column":7},"end":{"line":275,"column":1}},"line":241},"5":{"name":"forgotPassword","decl":{"start":{"line":277,"column":7},"end":{"line":301,"column":1}},"loc":{"start":{"line":277,"column":7},"end":{"line":301,"column":1}},"line":277},"6":{"name":"changePassword","decl":{"start":{"line":303,"column":7},"end":{"line":335,"column":1}},"loc":{"start":{"line":303,"column":7},"end":{"line":335,"column":1}},"line":303}},"f":{"0":0,"1":0,"2":0,"3":1,"4":0,"5":0,"6":0}}
,"/Users/dec/Documents/live-project/server/src/mailer/SendMail.ts": {"path":"/Users/dec/Documents/live-project/server/src/mailer/SendMail.ts","all":false,"statementMap":{"0":{"start":{"line":1,"column":0},"end":{"line":1,"column":36}},"1":{"start":{"line":2,"column":0},"end":{"line":2,"column":53}},"2":{"start":{"line":3,"column":0},"end":{"line":3,"column":53}},"3":{"start":{"line":4,"column":0},"end":{"line":4,"column":44}},"4":{"start":{"line":5,"column":0},"end":{"line":5,"column":50}},"5":{"start":{"line":6,"column":0},"end":{"line":6,"column":46}},"6":{"start":{"line":7,"column":0},"end":{"line":7,"column":21}},"7":{"start":{"line":8,"column":0},"end":{"line":8,"column":11}},"8":{"start":{"line":9,"column":0},"end":{"line":9,"column":26}},"9":{"start":{"line":10,"column":0},"end":{"line":10,"column":26}},"10":{"start":{"line":11,"column":0},"end":{"line":11,"column":6}},"11":{"start":{"line":12,"column":0},"end":{"line":12,"column":10}},"12":{"start":{"line":13,"column":0},"end":{"line":13,"column":34}},"13":{"start":{"line":14,"column":0},"end":{"line":14,"column":6}},"14":{"start":{"line":15,"column":0},"end":{"line":15,"column":3}},"15":{"start":{"line":16,"column":0},"end":{"line":16,"column":10}},"16":{"start":{"line":17,"column":0},"end":{"line":17,"column":90}},"17":{"start":{"line":18,"column":0},"end":{"line":18,"column":49}},"18":{"start":{"line":19,"column":0},"end":{"line":19,"column":31}},"19":{"start":{"line":20,"column":0},"end":{"line":20,"column":67}},"20":{"start":{"line":21,"column":0},"end":{"line":21,"column":32}},"21":{"start":{"line":22,"column":0},"end":{"line":22,"column":41}},"22":{"start":{"line":23,"column":0},"end":{"line":23,"column":34}},"23":{"start":{"line":24,"column":0},"end":{"line":24,"column":18}},"24":{"start":{"line":25,"column":0},"end":{"line":25,"column":14}},"25":{"start":{"line":26,"column":0},"end":{"line":26,"column":11}},"26":{"start":{"line":27,"column":0},"end":{"line":27,"column":6}},"27":{"start":{"line":28,"column":0},"end":{"line":28,"column":2}}},"s":{"0":1,"1":1,"2":1,"3":1,"4":1,"5":1,"6":1,"7":1,"8":1,"9":1,"10":1,"11":1,"12":1,"13":1,"14":1,"15":1,"16":1,"17":0,"18":0,"19":0,"20":0,"21":0,"22":0,"23":0,"24":0,"25":0,"26":1,"27":1},"branchMap":{},"b":{},"fnMap":{"0":{"name":"sendEmail","decl":{"start":{"line":17,"column":4},"end":{"line":27,"column":5}},"loc":{"start":{"line":17,"column":4},"end":{"line":27,"column":5}},"line":17}},"f":{"0":0}}
,"/Users/dec/Documents/live-project/server/src/mailer/email_templates/ForgotPasswordTemplates.ts": {"path":"/Users/dec/Documents/live-project/server/src/mailer/email_templates/ForgotPasswordTemplates.ts","all":false,"statementMap":{"0":{"start":{"line":1,"column":0},"end":{"line":1,"column":64}},"1":{"start":{"line":2,"column":0},"end":{"line":2,"column":73}},"2":{"start":{"line":3,"column":0},"end":{"line":3,"column":14}},"3":{"start":{"line":4,"column":0},"end":{"line":4,"column":34}},"4":{"start":{"line":5,"column":0},"end":{"line":5,"column":81}},"5":{"start":{"line":6,"column":0},"end":{"line":6,"column":102}},"6":{"start":{"line":7,"column":0},"end":{"line":7,"column":85}},"7":{"start":{"line":8,"column":0},"end":{"line":8,"column":10}},"8":{"start":{"line":9,"column":0},"end":{"line":9,"column":22}},"9":{"start":{"line":10,"column":0},"end":{"line":10,"column":71}},"10":{"start":{"line":11,"column":0},"end":{"line":11,"column":43}},"11":{"start":{"line":12,"column":0},"end":{"line":12,"column":45}},"12":{"start":{"line":13,"column":0},"end":{"line":13,"column":12}},"13":{"start":{"line":14,"column":0},"end":{"line":14,"column":8}},"14":{"start":{"line":15,"column":0},"end":{"line":15,"column":14}},"15":{"start":{"line":16,"column":0},"end":{"line":16,"column":1}}},"s":{"0":0,"1":0,"2":0,"3":0,"4":0,"5":0,"6":0,"7":0,"8":0,"9":0,"10":0,"11":0,"12":0,"13":0,"14":0,"15":0},"branchMap":{},"b":{},"fnMap":{"0":{"name":"forgotPasswordVerification","decl":{"start":{"line":1,"column":0},"end":{"line":16,"column":1}},"loc":{"start":{"line":1,"column":0},"end":{"line":16,"column":1}},"line":1}},"f":{"0":0}}
,"/Users/dec/Documents/live-project/server/src/mailer/email_templates/TransactionTemplate.ts": {"path":"/Users/dec/Documents/live-project/server/src/mailer/email_templates/TransactionTemplate.ts","all":false,"statementMap":{"0":{"start":{"line":1,"column":0},"end":{"line":1,"column":70}},"1":{"start":{"line":2,"column":0},"end":{"line":2,"column":0}},"2":{"start":{"line":3,"column":0},"end":{"line":3,"column":20}},"3":{"start":{"line":4,"column":0},"end":{"line":4,"column":91}},"4":{"start":{"line":5,"column":0},"end":{"line":5,"column":92}},"5":{"start":{"line":6,"column":0},"end":{"line":6,"column":70}},"6":{"start":{"line":7,"column":0},"end":{"line":7,"column":16}},"7":{"start":{"line":8,"column":0},"end":{"line":8,"column":40}},"8":{"start":{"line":9,"column":0},"end":{"line":9,"column":20}},"9":{"start":{"line":10,"column":0},"end":{"line":10,"column":16}},"10":{"start":{"line":11,"column":0},"end":{"line":11,"column":22}},"11":{"start":{"line":12,"column":0},"end":{"line":12,"column":16}},"12":{"start":{"line":13,"column":0},"end":{"line":13,"column":8}},"13":{"start":{"line":14,"column":0},"end":{"line":14,"column":20}},"14":{"start":{"line":15,"column":0},"end":{"line":15,"column":1}}},"s":{"0":0,"1":0,"2":0,"3":0,"4":0,"5":0,"6":0,"7":0,"8":0,"9":0,"10":0,"11":0,"12":0,"13":0,"14":0},"branchMap":{},"b":{},"fnMap":{"0":{"name":"TransactionEmail","decl":{"start":{"line":1,"column":0},"end":{"line":15,"column":1}},"loc":{"start":{"line":1,"column":0},"end":{"line":15,"column":1}},"line":1}},"f":{"0":0}}
,"/Users/dec/Documents/live-project/server/src/mailer/email_templates/VerificationTemplate.ts": {"path":"/Users/dec/Documents/live-project/server/src/mailer/email_templates/VerificationTemplate.ts","all":false,"statementMap":{"0":{"start":{"line":1,"column":0},"end":{"line":1,"column":62}},"1":{"start":{"line":2,"column":0},"end":{"line":2,"column":73}},"2":{"start":{"line":3,"column":0},"end":{"line":3,"column":20}},"3":{"start":{"line":4,"column":0},"end":{"line":4,"column":91}},"4":{"start":{"line":5,"column":0},"end":{"line":5,"column":92}},"5":{"start":{"line":6,"column":0},"end":{"line":6,"column":63}},"6":{"start":{"line":7,"column":0},"end":{"line":7,"column":88}},"7":{"start":{"line":8,"column":0},"end":{"line":8,"column":20}},"8":{"start":{"line":9,"column":0},"end":{"line":9,"column":49}},"9":{"start":{"line":10,"column":0},"end":{"line":10,"column":39}},"10":{"start":{"line":11,"column":0},"end":{"line":11,"column":80}},"11":{"start":{"line":12,"column":0},"end":{"line":12,"column":59}},"12":{"start":{"line":13,"column":0},"end":{"line":13,"column":54}},"13":{"start":{"line":14,"column":0},"end":{"line":14,"column":22}},"14":{"start":{"line":15,"column":0},"end":{"line":15,"column":38}},"15":{"start":{"line":16,"column":0},"end":{"line":16,"column":8}},"16":{"start":{"line":17,"column":0},"end":{"line":17,"column":20}},"17":{"start":{"line":18,"column":0},"end":{"line":18,"column":1}}},"s":{"0":0,"1":0,"2":0,"3":0,"4":0,"5":0,"6":0,"7":0,"8":0,"9":0,"10":0,"11":0,"12":0,"13":0,"14":0,"15":0,"16":0,"17":0},"branchMap":{},"b":{},"fnMap":{"0":{"name":"emailVerificationView","decl":{"start":{"line":1,"column":0},"end":{"line":18,"column":1}},"loc":{"start":{"line":1,"column":0},"end":{"line":18,"column":1}},"line":1}},"f":{"0":0}}
,"/Users/dec/Documents/live-project/server/src/model/userModel.ts": {"path":"/Users/dec/Documents/live-project/server/src/model/userModel.ts","all":false,"statementMap":{"0":{"start":{"line":1,"column":0},"end":{"line":1,"column":45}},"1":{"start":{"line":2,"column":0},"end":{"line":2,"column":43}},"2":{"start":{"line":3,"column":0},"end":{"line":3,"column":0}},"3":{"start":{"line":4,"column":0},"end":{"line":4,"column":25}},"4":{"start":{"line":5,"column":0},"end":{"line":5,"column":13}},"5":{"start":{"line":6,"column":0},"end":{"line":6,"column":20}},"6":{"start":{"line":7,"column":0},"end":{"line":7,"column":19}},"7":{"start":{"line":8,"column":0},"end":{"line":8,"column":19}},"8":{"start":{"line":9,"column":0},"end":{"line":9,"column":16}},"9":{"start":{"line":10,"column":0},"end":{"line":10,"column":22}},"10":{"start":{"line":11,"column":0},"end":{"line":11,"column":19}},"11":{"start":{"line":12,"column":0},"end":{"line":12,"column":17}},"12":{"start":{"line":13,"column":0},"end":{"line":13,"column":22}},"13":{"start":{"line":14,"column":0},"end":{"line":14,"column":1}},"14":{"start":{"line":15,"column":0},"end":{"line":15,"column":0}},"15":{"start":{"line":16,"column":0},"end":{"line":16,"column":57}},"16":{"start":{"line":17,"column":0},"end":{"line":17,"column":0}},"17":{"start":{"line":18,"column":0},"end":{"line":18,"column":18}},"18":{"start":{"line":19,"column":0},"end":{"line":19,"column":3}},"19":{"start":{"line":20,"column":0},"end":{"line":20,"column":9}},"20":{"start":{"line":21,"column":0},"end":{"line":21,"column":29}},"21":{"start":{"line":22,"column":0},"end":{"line":22,"column":23}},"22":{"start":{"line":23,"column":0},"end":{"line":23,"column":23}},"23":{"start":{"line":24,"column":0},"end":{"line":24,"column":6}},"24":{"start":{"line":25,"column":0},"end":{"line":25,"column":16}},"25":{"start":{"line":26,"column":0},"end":{"line":26,"column":29}},"26":{"start":{"line":27,"column":0},"end":{"line":27,"column":23}},"27":{"start":{"line":28,"column":0},"end":{"line":28,"column":17}},"28":{"start":{"line":29,"column":0},"end":{"line":29,"column":18}},"29":{"start":{"line":30,"column":0},"end":{"line":30,"column":44}},"30":{"start":{"line":31,"column":0},"end":{"line":31,"column":10}},"31":{"start":{"line":32,"column":0},"end":{"line":32,"column":19}},"32":{"start":{"line":33,"column":0},"end":{"line":33,"column":39}},"33":{"start":{"line":34,"column":0},"end":{"line":34,"column":10}},"34":{"start":{"line":35,"column":0},"end":{"line":35,"column":8}},"35":{"start":{"line":36,"column":0},"end":{"line":36,"column":6}},"36":{"start":{"line":37,"column":0},"end":{"line":37,"column":15}},"37":{"start":{"line":38,"column":0},"end":{"line":38,"column":29}},"38":{"start":{"line":39,"column":0},"end":{"line":39,"column":23}},"39":{"start":{"line":40,"column":0},"end":{"line":40,"column":17}},"40":{"start":{"line":41,"column":0},"end":{"line":41,"column":18}},"41":{"start":{"line":42,"column":0},"end":{"line":42,"column":43}},"42":{"start":{"line":43,"column":0},"end":{"line":43,"column":10}},"43":{"start":{"line":44,"column":0},"end":{"line":44,"column":19}},"44":{"start":{"line":45,"column":0},"end":{"line":45,"column":39}},"45":{"start":{"line":46,"column":0},"end":{"line":46,"column":10}},"46":{"start":{"line":47,"column":0},"end":{"line":47,"column":8}},"47":{"start":{"line":48,"column":0},"end":{"line":48,"column":6}},"48":{"start":{"line":49,"column":0},"end":{"line":49,"column":15}},"49":{"start":{"line":50,"column":0},"end":{"line":50,"column":29}},"50":{"start":{"line":51,"column":0},"end":{"line":51,"column":23}},"51":{"start":{"line":52,"column":0},"end":{"line":52,"column":17}},"52":{"start":{"line":53,"column":0},"end":{"line":53,"column":18}},"53":{"start":{"line":54,"column":0},"end":{"line":54,"column":42}},"54":{"start":{"line":55,"column":0},"end":{"line":55,"column":10}},"55":{"start":{"line":56,"column":0},"end":{"line":56,"column":19}},"56":{"start":{"line":57,"column":0},"end":{"line":57,"column":43}},"57":{"start":{"line":58,"column":0},"end":{"line":58,"column":10}},"58":{"start":{"line":59,"column":0},"end":{"line":59,"column":8}},"59":{"start":{"line":60,"column":0},"end":{"line":60,"column":19}},"60":{"start":{"line":61,"column":0},"end":{"line":61,"column":6}},"61":{"start":{"line":62,"column":0},"end":{"line":62,"column":12}},"62":{"start":{"line":63,"column":0},"end":{"line":63,"column":29}},"63":{"start":{"line":64,"column":0},"end":{"line":64,"column":23}},"64":{"start":{"line":65,"column":0},"end":{"line":65,"column":17}},"65":{"start":{"line":66,"column":0},"end":{"line":66,"column":18}},"66":{"start":{"line":67,"column":0},"end":{"line":67,"column":39}},"67":{"start":{"line":68,"column":0},"end":{"line":68,"column":10}},"68":{"start":{"line":69,"column":0},"end":{"line":69,"column":18}},"69":{"start":{"line":70,"column":0},"end":{"line":70,"column":46}},"70":{"start":{"line":71,"column":0},"end":{"line":71,"column":10}},"71":{"start":{"line":72,"column":0},"end":{"line":72,"column":8}},"72":{"start":{"line":73,"column":0},"end":{"line":73,"column":19}},"73":{"start":{"line":74,"column":0},"end":{"line":74,"column":6}},"74":{"start":{"line":75,"column":0},"end":{"line":75,"column":18}},"75":{"start":{"line":76,"column":0},"end":{"line":76,"column":29}},"76":{"start":{"line":77,"column":0},"end":{"line":77,"column":23}},"77":{"start":{"line":78,"column":0},"end":{"line":78,"column":17}},"78":{"start":{"line":79,"column":0},"end":{"line":79,"column":18}},"79":{"start":{"line":80,"column":0},"end":{"line":80,"column":46}},"80":{"start":{"line":81,"column":0},"end":{"line":81,"column":10}},"81":{"start":{"line":82,"column":0},"end":{"line":82,"column":19}},"82":{"start":{"line":83,"column":0},"end":{"line":83,"column":47}},"83":{"start":{"line":84,"column":0},"end":{"line":84,"column":10}},"84":{"start":{"line":85,"column":0},"end":{"line":85,"column":8}},"85":{"start":{"line":86,"column":0},"end":{"line":86,"column":6}},"86":{"start":{"line":87,"column":0},"end":{"line":87,"column":15}},"87":{"start":{"line":88,"column":0},"end":{"line":88,"column":29}},"88":{"start":{"line":89,"column":0},"end":{"line":89,"column":23}},"89":{"start":{"line":90,"column":0},"end":{"line":90,"column":17}},"90":{"start":{"line":91,"column":0},"end":{"line":91,"column":18}},"91":{"start":{"line":92,"column":0},"end":{"line":92,"column":42}},"92":{"start":{"line":93,"column":0},"end":{"line":93,"column":10}},"93":{"start":{"line":94,"column":0},"end":{"line":94,"column":19}},"94":{"start":{"line":95,"column":0},"end":{"line":95,"column":43}},"95":{"start":{"line":96,"column":0},"end":{"line":96,"column":10}},"96":{"start":{"line":97,"column":0},"end":{"line":97,"column":8}},"97":{"start":{"line":98,"column":0},"end":{"line":98,"column":6}},"98":{"start":{"line":99,"column":0},"end":{"line":99,"column":13}},"99":{"start":{"line":100,"column":0},"end":{"line":100,"column":29}},"100":{"start":{"line":101,"column":0},"end":{"line":101,"column":22}},"101":{"start":{"line":102,"column":0},"end":{"line":102,"column":19}},"102":{"start":{"line":103,"column":0},"end":{"line":103,"column":143}},"103":{"start":{"line":104,"column":0},"end":{"line":104,"column":6}},"104":{"start":{"line":105,"column":0},"end":{"line":105,"column":17}},"105":{"start":{"line":106,"column":0},"end":{"line":106,"column":30}},"106":{"start":{"line":107,"column":0},"end":{"line":107,"column":26}},"107":{"start":{"line":108,"column":0},"end":{"line":108,"column":6}},"108":{"start":{"line":109,"column":0},"end":{"line":109,"column":4}},"109":{"start":{"line":110,"column":0},"end":{"line":110,"column":3}},"110":{"start":{"line":111,"column":0},"end":{"line":111,"column":18}},"111":{"start":{"line":112,"column":0},"end":{"line":112,"column":23}},"112":{"start":{"line":113,"column":0},"end":{"line":113,"column":4}},"113":{"start":{"line":114,"column":0},"end":{"line":114,"column":2}}},"s":{"0":1,"1":1,"2":1,"3":1,"4":1,"5":1,"6":1,"7":1,"8":1,"9":1,"10":1,"11":1,"12":1,"13":1,"14":1,"15":1,"16":1,"17":1,"18":1,"19":1,"20":1,"21":1,"22":1,"23":1,"24":1,"25":1,"26":1,"27":1,"28":1,"29":1,"30":1,"31":1,"32":1,"33":1,"34":1,"35":1,"36":1,"37":1,"38":1,"39":1,"40":1,"41":1,"42":1,"43":1,"44":1,"45":1,"46":1,"47":1,"48":1,"49":1,"50":1,"51":1,"52":1,"53":1,"54":1,"55":1,"56":1,"57":1,"58":1,"59":1,"60":1,"61":1,"62":1,"63":1,"64":1,"65":1,"66":1,"67":1,"68":1,"69":1,"70":1,"71":1,"72":1,"73":1,"74":1,"75":1,"76":1,"77":1,"78":1,"79":1,"80":1,"81":1,"82":1,"83":1,"84":1,"85":1,"86":1,"87":1,"88":1,"89":1,"90":1,"91":1,"92":1,"93":1,"94":1,"95":1,"96":1,"97":1,"98":1,"99":1,"100":1,"101":1,"102":1,"103":1,"104":1,"105":1,"106":1,"107":1,"108":1,"109":1,"110":1,"111":1,"112":1,"113":1},"branchMap":{},"b":{},"fnMap":{},"f":{}}
,"/Users/dec/Documents/live-project/server/src/routes/indexRouter.ts": {"path":"/Users/dec/Documents/live-project/server/src/routes/indexRouter.ts","all":false,"statementMap":{"0":{"start":{"line":1,"column":0},"end":{"line":1,"column":68}},"1":{"start":{"line":2,"column":0},"end":{"line":2,"column":32}},"2":{"start":{"line":3,"column":0},"end":{"line":3,"column":0}},"3":{"start":{"line":4,"column":0},"end":{"line":4,"column":20}},"4":{"start":{"line":5,"column":0},"end":{"line":5,"column":42}},"5":{"start":{"line":6,"column":0},"end":{"line":6,"column":86}},"6":{"start":{"line":7,"column":0},"end":{"line":7,"column":3}},"7":{"start":{"line":8,"column":0},"end":{"line":8,"column":0}},"8":{"start":{"line":9,"column":0},"end":{"line":9,"column":21}}},"s":{"0":1,"1":1,"2":1,"3":1,"4":1,"5":0,"6":1,"7":1,"8":1},"branchMap":{},"b":{},"fnMap":{},"f":{}}
,"/Users/dec/Documents/live-project/server/src/routes/usersRouter.ts": {"path":"/Users/dec/Documents/live-project/server/src/routes/usersRouter.ts","all":false,"statementMap":{"0":{"start":{"line":1,"column":0},"end":{"line":1,"column":67}},"1":{"start":{"line":2,"column":0},"end":{"line":2,"column":136}},"2":{"start":{"line":3,"column":0},"end":{"line":3,"column":0}},"3":{"start":{"line":4,"column":0},"end":{"line":4,"column":32}},"4":{"start":{"line":5,"column":0},"end":{"line":5,"column":24}},"5":{"start":{"line":6,"column":0},"end":{"line":6,"column":43}},"6":{"start":{"line":7,"column":0},"end":{"line":7,"column":93}},"7":{"start":{"line":8,"column":0},"end":{"line":8,"column":3}},"8":{"start":{"line":9,"column":0},"end":{"line":9,"column":0}},"9":{"start":{"line":10,"column":0},"end":{"line":10,"column":35}},"10":{"start":{"line":11,"column":0},"end":{"line":11,"column":34}},"11":{"start":{"line":12,"column":0},"end":{"line":12,"column":39}},"12":{"start":{"line":13,"column":0},"end":{"line":13,"column":33}},"13":{"start":{"line":14,"column":0},"end":{"line":14,"column":48}},"14":{"start":{"line":15,"column":0},"end":{"line":15,"column":52}},"15":{"start":{"line":16,"column":0},"end":{"line":16,"column":41}},"16":{"start":{"line":17,"column":0},"end":{"line":17,"column":0}},"17":{"start":{"line":18,"column":0},"end":{"line":18,"column":22}}},"s":{"0":1,"1":1,"2":1,"3":1,"4":1,"5":1,"6":0,"7":1,"8":1,"9":1,"10":1,"11":1,"12":1,"13":1,"14":1,"15":1,"16":1,"17":1},"branchMap":{},"b":{},"fnMap":{},"f":{}}
,"/Users/dec/Documents/live-project/server/src/utility/utilis.ts": {"path":"/Users/dec/Documents/live-project/server/src/utility/utilis.ts","all":false,"statementMap":{"0":{"start":{"line":1,"column":0},"end":{"line":1,"column":22}},"1":{"start":{"line":2,"column":0},"end":{"line":2,"column":31}},"2":{"start":{"line":3,"column":0},"end":{"line":3,"column":0}},"3":{"start":{"line":4,"column":0},"end":{"line":4,"column":50}},"4":{"start":{"line":5,"column":0},"end":{"line":5,"column":41}},"5":{"start":{"line":6,"column":0},"end":{"line":6,"column":44}},"6":{"start":{"line":7,"column":0},"end":{"line":7,"column":36}},"7":{"start":{"line":8,"column":0},"end":{"line":8,"column":3}},"8":{"start":{"line":9,"column":0},"end":{"line":9,"column":0}},"9":{"start":{"line":10,"column":0},"end":{"line":10,"column":74}},"10":{"start":{"line":11,"column":0},"end":{"line":11,"column":54}},"11":{"start":{"line":12,"column":0},"end":{"line":12,"column":57}},"12":{"start":{"line":13,"column":0},"end":{"line":13,"column":2}},"13":{"start":{"line":14,"column":0},"end":{"line":14,"column":0}},"14":{"start":{"line":15,"column":0},"end":{"line":15,"column":46}},"15":{"start":{"line":16,"column":0},"end":{"line":16,"column":9}},"16":{"start":{"line":17,"column":0},"end":{"line":17,"column":46}},"17":{"start":{"line":18,"column":0},"end":{"line":18,"column":45}},"18":{"start":{"line":19,"column":0},"end":{"line":19,"column":45}},"19":{"start":{"line":20,"column":0},"end":{"line":20,"column":54}},"20":{"start":{"line":21,"column":0},"end":{"line":21,"column":29}},"21":{"start":{"line":22,"column":0},"end":{"line":22,"column":17}},"22":{"start":{"line":23,"column":0},"end":{"line":23,"column":26}},"23":{"start":{"line":24,"column":0},"end":{"line":24,"column":18}},"24":{"start":{"line":25,"column":0},"end":{"line":25,"column":26}},"25":{"start":{"line":26,"column":0},"end":{"line":26,"column":35}},"26":{"start":{"line":27,"column":0},"end":{"line":27,"column":18}},"27":{"start":{"line":28,"column":0},"end":{"line":28,"column":25}},"28":{"start":{"line":29,"column":0},"end":{"line":29,"column":30}},"29":{"start":{"line":30,"column":0},"end":{"line":30,"column":42}},"30":{"start":{"line":31,"column":0},"end":{"line":31,"column":4}},"31":{"start":{"line":32,"column":0},"end":{"line":32,"column":40}},"32":{"start":{"line":33,"column":0},"end":{"line":33,"column":0}},"33":{"start":{"line":34,"column":0},"end":{"line":34,"column":48}},"34":{"start":{"line":35,"column":0},"end":{"line":35,"column":9}},"35":{"start":{"line":36,"column":0},"end":{"line":36,"column":38}},"36":{"start":{"line":37,"column":0},"end":{"line":37,"column":30}},"37":{"start":{"line":38,"column":0},"end":{"line":38,"column":33}},"38":{"start":{"line":39,"column":0},"end":{"line":39,"column":17}},"39":{"start":{"line":40,"column":0},"end":{"line":40,"column":32}},"40":{"start":{"line":41,"column":0},"end":{"line":41,"column":61}},"41":{"start":{"line":42,"column":0},"end":{"line":42,"column":4}},"42":{"start":{"line":43,"column":0},"end":{"line":43,"column":39}},"43":{"start":{"line":44,"column":0},"end":{"line":44,"column":0}},"44":{"start":{"line":45,"column":0},"end":{"line":45,"column":24}},"45":{"start":{"line":46,"column":0},"end":{"line":46,"column":20}},"46":{"start":{"line":47,"column":0},"end":{"line":47,"column":11}},"47":{"start":{"line":48,"column":0},"end":{"line":48,"column":11}},"48":{"start":{"line":49,"column":0},"end":{"line":49,"column":16}},"49":{"start":{"line":50,"column":0},"end":{"line":50,"column":6}},"50":{"start":{"line":51,"column":0},"end":{"line":51,"column":4}},"51":{"start":{"line":52,"column":0},"end":{"line":52,"column":2}}},"s":{"0":1,"1":1,"2":1,"3":1,"4":1,"5":1,"6":1,"7":1,"8":1,"9":1,"10":1,"11":1,"12":1,"13":1,"14":1,"15":1,"16":1,"17":1,"18":1,"19":1,"20":1,"21":1,"22":1,"23":1,"24":1,"25":1,"26":1,"27":1,"28":1,"29":1,"30":1,"31":1,"32":1,"33":1,"34":1,"35":1,"36":1,"37":1,"38":1,"39":1,"40":1,"41":1,"42":1,"43":1,"44":1,"45":1,"46":1,"47":1,"48":1,"49":1,"50":1,"51":1},"branchMap":{"0":{"type":"branch","line":10,"loc":{"start":{"line":10,"column":29},"end":{"line":13,"column":2}},"locations":[{"start":{"line":10,"column":29},"end":{"line":13,"column":2}}]}},"b":{"0":[1]},"fnMap":{"0":{"name":"generateToken","decl":{"start":{"line":10,"column":29},"end":{"line":13,"column":2}},"loc":{"start":{"line":10,"column":29},"end":{"line":13,"column":2}},"line":10}},"f":{"0":1}}
}
